2024-08-19T11:05:26.059Z [server-app] info: Running on port 5555
2024-08-19T11:06:26.103Z [server-app] info: Running on port 5555
2024-08-19T11:07:32.404Z [server-app] info: Running on port 5555
2024-08-19T11:07:50.890Z [server-app] info: Running on port 5555
2024-08-19T11:08:15.110Z [server-app] info: Running on port 5555
2024-08-19T11:08:57.357Z [server-app] info: Running on port 5555
2024-08-19T11:09:01.430Z [server-app] info: Running on port 5555
2024-08-19T11:09:29.322Z [server-app] info: Running on port 5555
2024-08-19T11:09:31.298Z [server-app] info: Running on port 5555
2024-08-19T11:10:09.537Z [server-app] info: POST-/url/metadata
2024-08-19T11:10:09.540Z [server-app] info: Called getMetaData
2024-08-19T11:10:10.001Z [server-app] info: Returing from getMetaData
2024-08-19T11:10:10.002Z [server-app] info: Retreived data - [object Object]
2024-08-19T11:10:32.635Z [server-app] info: Running on port 5555
2024-08-19T11:10:59.216Z [server-app] info: Running on port 5555
2024-08-19T11:11:17.992Z [server-app] info: Running on port 5555
2024-08-19T11:17:52.375Z [server-app] info: Running on port 5555
2024-08-19T11:19:12.568Z [server-app] info: Running on port 5555
2024-08-19T11:19:42.449Z [server-app] info: Running on port 5555
2024-08-19T11:20:00.141Z [server-app] info: Running on port 5555
